TN:
SF:dataStructure/js/stack-map.js
FN:2,(anonymous_0)
FN:6,(anonymous_1)
FN:10,(anonymous_2)
FN:17,(anonymous_3)
FN:23,(anonymous_4)
FN:26,(anonymous_5)
FN:30,(anonymous_6)
FNF:7
FNH:7
FNDA:1,(anonymous_0)
FNDA:8,(anonymous_1)
FNDA:4,(anonymous_2)
FNDA:2,(anonymous_3)
FNDA:2,(anonymous_4)
FNDA:3,(anonymous_5)
FNDA:3,(anonymous_6)
DA:3,1
DA:4,1
DA:7,8
DA:8,8
DA:11,4
DA:12,1
DA:14,3
DA:15,3
DA:18,2
DA:19,1
DA:21,1
DA:24,2
DA:27,3
DA:31,3
DA:32,3
LF:15
LH:15
BRDA:11,0,0,1
BRDA:11,0,1,3
BRDA:18,1,0,1
BRDA:18,1,1,1
BRF:4
BRH:4
end_of_record
TN:
SF:dataStructure/ts/stack-map.ts
FN:5,(anonymous_0)
FN:9,(anonymous_1)
FN:16,(anonymous_2)
FN:22,(anonymous_3)
FN:25,(anonymous_4)
FN:29,(anonymous_5)
FNF:6
FNH:6
FNDA:8,(anonymous_0)
FNDA:4,(anonymous_1)
FNDA:2,(anonymous_2)
FNDA:2,(anonymous_3)
FNDA:3,(anonymous_4)
FNDA:3,(anonymous_5)
DA:2,1
DA:3,1
DA:6,8
DA:7,8
DA:10,4
DA:11,1
DA:13,3
DA:14,3
DA:17,2
DA:18,1
DA:20,1
DA:23,2
DA:26,3
DA:30,3
DA:31,3
LF:15
LH:15
BRDA:10,0,0,1
BRDA:10,0,1,3
BRDA:17,1,0,1
BRDA:17,1,1,1
BRF:4
BRH:4
end_of_record
